2025-07-11 07:45:39.111+0000 INFO  Logging config in use: Embedded default config 'default-user-logs.xml'
2025-07-11 07:45:39.116+0000 INFO  Starting...
2025-07-11 07:45:39.826+0000 INFO  This instance is ServerId{df11084b} (df11084b-6727-4e95-8f8a-56fe3ca814c4)
2025-07-11 07:45:40.626+0000 INFO  ======== Neo4j 5.26.8 ========
2025-07-11 07:45:43.136+0000 INFO  Anonymous Usage Data is being sent to Neo4j, see https://neo4j.com/docs/usage-data/
2025-07-11 07:45:43.169+0000 INFO  Bolt enabled on 0.0.0.0:7687.
2025-07-11 07:45:43.787+0000 INFO  HTTP enabled on 0.0.0.0:7474.
2025-07-11 07:45:43.787+0000 INFO  Remote interface available at http://localhost:7474/
2025-07-11 07:45:43.790+0000 INFO  id: EFFE76F28E2B1F8096C24FBA8B7D904A65510C7DE24E793599CA8746BD0D22AB
2025-07-11 07:45:43.791+0000 INFO  name: system
2025-07-11 07:45:43.791+0000 INFO  creationDate: 2025-07-11T07:45:41.522Z
2025-07-11 07:45:43.791+0000 INFO  Started.
2025-07-11 07:47:43.940+0000 INFO  Neo4j Server shutdown initiated by request
2025-07-11 07:47:43.940+0000 INFO  Stopping...
2025-07-11 07:48:47.366+0000 INFO  Logging config in use: Embedded default config 'default-user-logs.xml'
2025-07-11 07:48:47.371+0000 INFO  Starting...
2025-07-11 07:48:47.980+0000 INFO  This instance is ServerId{df11084b} (df11084b-6727-4e95-8f8a-56fe3ca814c4)
2025-07-11 07:48:48.789+0000 INFO  ======== Neo4j 5.26.8 ========
2025-07-11 07:48:50.694+0000 INFO  Anonymous Usage Data is being sent to Neo4j, see https://neo4j.com/docs/usage-data/
2025-07-11 07:48:50.726+0000 INFO  Bolt enabled on 0.0.0.0:7687.
2025-07-11 07:48:51.314+0000 INFO  HTTP enabled on 0.0.0.0:7474.
2025-07-11 07:48:51.315+0000 INFO  Remote interface available at http://localhost:7474/
2025-07-11 07:48:51.317+0000 INFO  id: EFFE76F28E2B1F8096C24FBA8B7D904A65510C7DE24E793599CA8746BD0D22AB
2025-07-11 07:48:51.318+0000 INFO  name: system
2025-07-11 07:48:51.318+0000 INFO  creationDate: 2025-07-11T07:45:41.522Z
2025-07-11 07:48:51.318+0000 INFO  Started.
2025-07-11 07:49:41.539+0000 INFO  Neo4j Server shutdown initiated by request
2025-07-11 07:49:41.539+0000 INFO  Stopping...
2025-07-11 07:50:30.811+0000 INFO  Logging config in use: Embedded default config 'default-user-logs.xml'
2025-07-11 07:50:30.815+0000 INFO  Starting...
2025-07-11 07:50:31.404+0000 INFO  This instance is ServerId{df11084b} (df11084b-6727-4e95-8f8a-56fe3ca814c4)
2025-07-11 07:50:32.192+0000 INFO  ======== Neo4j 5.26.8 ========
2025-07-11 07:50:34.164+0000 INFO  Anonymous Usage Data is being sent to Neo4j, see https://neo4j.com/docs/usage-data/
2025-07-11 07:50:34.198+0000 INFO  Bolt enabled on 0.0.0.0:7687.
2025-07-11 07:50:34.811+0000 INFO  HTTP enabled on 0.0.0.0:7474.
2025-07-11 07:50:34.811+0000 INFO  Remote interface available at http://localhost:7474/
2025-07-11 07:50:34.813+0000 INFO  id: EFFE76F28E2B1F8096C24FBA8B7D904A65510C7DE24E793599CA8746BD0D22AB
2025-07-11 07:50:34.814+0000 INFO  name: system
2025-07-11 07:50:34.814+0000 INFO  creationDate: 2025-07-11T07:45:41.522Z
2025-07-11 07:50:34.814+0000 INFO  Started.
2025-07-11 07:52:29.383+0000 INFO  Neo4j Server shutdown initiated by request
2025-07-11 07:52:29.383+0000 INFO  Stopping...
2025-07-11 07:53:26.312+0000 INFO  Logging config in use: Embedded default config 'default-user-logs.xml'
2025-07-11 07:53:26.317+0000 INFO  Starting...
2025-07-11 07:53:26.921+0000 INFO  This instance is ServerId{df11084b} (df11084b-6727-4e95-8f8a-56fe3ca814c4)
2025-07-11 07:53:27.696+0000 INFO  ======== Neo4j 5.26.8 ========
2025-07-11 07:53:29.613+0000 INFO  Anonymous Usage Data is being sent to Neo4j, see https://neo4j.com/docs/usage-data/
2025-07-11 07:53:29.646+0000 INFO  Bolt enabled on 0.0.0.0:7687.
2025-07-11 07:53:30.251+0000 INFO  HTTP enabled on 0.0.0.0:7474.
2025-07-11 07:53:30.252+0000 INFO  Remote interface available at http://localhost:7474/
2025-07-11 07:53:30.254+0000 INFO  id: EFFE76F28E2B1F8096C24FBA8B7D904A65510C7DE24E793599CA8746BD0D22AB
2025-07-11 07:53:30.254+0000 INFO  name: system
2025-07-11 07:53:30.255+0000 INFO  creationDate: 2025-07-11T07:45:41.522Z
2025-07-11 07:53:30.255+0000 INFO  Started.
2025-07-11 08:36:10.101+0000 INFO  Neo4j Server shutdown initiated by request
2025-07-11 08:36:10.102+0000 INFO  Stopping...
2025-07-11 08:38:51.678+0000 INFO  Logging config in use: Embedded default config 'default-user-logs.xml'
2025-07-11 08:38:51.683+0000 INFO  Starting...
2025-07-11 08:38:52.288+0000 INFO  This instance is ServerId{df11084b} (df11084b-6727-4e95-8f8a-56fe3ca814c4)
2025-07-11 08:38:53.211+0000 INFO  ======== Neo4j 5.26.8 ========
2025-07-11 08:38:58.503+0000 INFO  Anonymous Usage Data is being sent to Neo4j, see https://neo4j.com/docs/usage-data/
2025-07-11 08:38:58.548+0000 INFO  Bolt enabled on 0.0.0.0:7687.
2025-07-11 08:38:59.204+0000 INFO  HTTP enabled on 0.0.0.0:7474.
2025-07-11 08:38:59.205+0000 INFO  Remote interface available at http://localhost:7474/
2025-07-11 08:38:59.207+0000 INFO  id: EFFE76F28E2B1F8096C24FBA8B7D904A65510C7DE24E793599CA8746BD0D22AB
2025-07-11 08:38:59.208+0000 INFO  name: system
2025-07-11 08:38:59.208+0000 INFO  creationDate: 2025-07-11T07:45:41.522Z
2025-07-11 08:38:59.208+0000 INFO  Started.
2025-07-11 08:45:02.082+0000 INFO  Neo4j Server shutdown initiated by request
2025-07-11 08:45:02.082+0000 INFO  Stopping...
2025-07-11 08:45:29.735+0000 INFO  Logging config in use: Embedded default config 'default-user-logs.xml'
2025-07-11 08:45:29.740+0000 INFO  Starting...
2025-07-11 08:45:30.326+0000 INFO  This instance is ServerId{df11084b} (df11084b-6727-4e95-8f8a-56fe3ca814c4)
2025-07-11 08:45:31.127+0000 INFO  ======== Neo4j 5.26.8 ========
2025-07-11 08:45:33.081+0000 INFO  Anonymous Usage Data is being sent to Neo4j, see https://neo4j.com/docs/usage-data/
2025-07-11 08:45:33.118+0000 INFO  Bolt enabled on 0.0.0.0:7687.
2025-07-11 08:45:33.711+0000 INFO  HTTP enabled on 0.0.0.0:7474.
2025-07-11 08:45:33.712+0000 INFO  Remote interface available at http://localhost:7474/
2025-07-11 08:45:33.714+0000 INFO  id: EFFE76F28E2B1F8096C24FBA8B7D904A65510C7DE24E793599CA8746BD0D22AB
2025-07-11 08:45:33.714+0000 INFO  name: system
2025-07-11 08:45:33.715+0000 INFO  creationDate: 2025-07-11T07:45:41.522Z
2025-07-11 08:45:33.715+0000 INFO  Started.
2025-07-11 08:56:38.593+0000 INFO  Neo4j Server shutdown initiated by request
2025-07-11 08:56:38.594+0000 INFO  Stopping...
2025-07-11 08:57:45.355+0000 INFO  Logging config in use: Embedded default config 'default-user-logs.xml'
2025-07-11 08:57:45.359+0000 INFO  Starting...
2025-07-11 08:57:45.939+0000 INFO  This instance is ServerId{df11084b} (df11084b-6727-4e95-8f8a-56fe3ca814c4)
2025-07-11 08:57:46.745+0000 INFO  ======== Neo4j 5.26.8 ========
2025-07-11 08:57:48.738+0000 INFO  Anonymous Usage Data is being sent to Neo4j, see https://neo4j.com/docs/usage-data/
2025-07-11 08:57:48.769+0000 INFO  Bolt enabled on 0.0.0.0:7687.
2025-07-11 08:57:49.382+0000 INFO  HTTP enabled on 0.0.0.0:7474.
2025-07-11 08:57:49.382+0000 INFO  Remote interface available at http://localhost:7474/
2025-07-11 08:57:49.385+0000 INFO  id: EFFE76F28E2B1F8096C24FBA8B7D904A65510C7DE24E793599CA8746BD0D22AB
2025-07-11 08:57:49.385+0000 INFO  name: system
2025-07-11 08:57:49.385+0000 INFO  creationDate: 2025-07-11T07:45:41.522Z
2025-07-11 08:57:49.386+0000 INFO  Started.
2025-07-11 09:31:09.668+0000 INFO  Neo4j Server shutdown initiated by request
2025-07-11 09:31:09.669+0000 INFO  Stopping...
2025-07-11 09:31:39.557+0000 INFO  Logging config in use: Embedded default config 'default-user-logs.xml'
2025-07-11 09:31:39.562+0000 INFO  Starting...
2025-07-11 09:31:40.151+0000 INFO  This instance is ServerId{df11084b} (df11084b-6727-4e95-8f8a-56fe3ca814c4)
2025-07-11 09:31:40.930+0000 INFO  ======== Neo4j 5.26.8 ========
2025-07-11 09:31:42.778+0000 INFO  Anonymous Usage Data is being sent to Neo4j, see https://neo4j.com/docs/usage-data/
2025-07-11 09:31:42.808+0000 INFO  Bolt enabled on 0.0.0.0:7687.
2025-07-11 09:31:43.370+0000 INFO  HTTP enabled on 0.0.0.0:7474.
2025-07-11 09:31:43.371+0000 INFO  Remote interface available at http://localhost:7474/
2025-07-11 09:31:43.373+0000 INFO  id: EFFE76F28E2B1F8096C24FBA8B7D904A65510C7DE24E793599CA8746BD0D22AB
2025-07-11 09:31:43.373+0000 INFO  name: system
2025-07-11 09:31:43.373+0000 INFO  creationDate: 2025-07-11T07:45:41.522Z
2025-07-11 09:31:43.374+0000 INFO  Started.
2025-07-11 09:35:52.982+0000 INFO  Neo4j Server shutdown initiated by request
2025-07-11 09:35:52.982+0000 INFO  Stopping...
2025-07-11 09:36:20.742+0000 INFO  Logging config in use: Embedded default config 'default-user-logs.xml'
2025-07-11 09:36:20.747+0000 INFO  Starting...
2025-07-11 09:36:21.344+0000 INFO  This instance is ServerId{df11084b} (df11084b-6727-4e95-8f8a-56fe3ca814c4)
2025-07-11 09:36:22.282+0000 INFO  ======== Neo4j 5.26.8 ========
2025-07-11 09:36:24.259+0000 INFO  Anonymous Usage Data is being sent to Neo4j, see https://neo4j.com/docs/usage-data/
2025-07-11 09:36:24.290+0000 INFO  Bolt enabled on 0.0.0.0:7687.
2025-07-11 09:36:24.903+0000 INFO  HTTP enabled on 0.0.0.0:7474.
2025-07-11 09:36:24.904+0000 INFO  Remote interface available at http://localhost:7474/
2025-07-11 09:36:24.906+0000 INFO  id: EFFE76F28E2B1F8096C24FBA8B7D904A65510C7DE24E793599CA8746BD0D22AB
2025-07-11 09:36:24.906+0000 INFO  name: system
2025-07-11 09:36:24.907+0000 INFO  creationDate: 2025-07-11T07:45:41.522Z
2025-07-11 09:36:24.907+0000 INFO  Started.
2025-07-11 09:40:49.493+0000 INFO  Neo4j Server shutdown initiated by request
2025-07-11 09:40:49.493+0000 INFO  Stopping...
2025-07-11 09:41:23.322+0000 INFO  Logging config in use: Embedded default config 'default-user-logs.xml'
2025-07-11 09:41:23.326+0000 INFO  Starting...
2025-07-11 09:41:23.921+0000 INFO  This instance is ServerId{df11084b} (df11084b-6727-4e95-8f8a-56fe3ca814c4)
2025-07-11 09:41:24.732+0000 INFO  ======== Neo4j 5.26.8 ========
2025-07-11 09:41:26.646+0000 INFO  Anonymous Usage Data is being sent to Neo4j, see https://neo4j.com/docs/usage-data/
2025-07-11 09:41:26.676+0000 INFO  Bolt enabled on 0.0.0.0:7687.
2025-07-11 09:41:27.256+0000 INFO  HTTP enabled on 0.0.0.0:7474.
2025-07-11 09:41:27.256+0000 INFO  Remote interface available at http://localhost:7474/
2025-07-11 09:41:27.258+0000 INFO  id: EFFE76F28E2B1F8096C24FBA8B7D904A65510C7DE24E793599CA8746BD0D22AB
2025-07-11 09:41:27.259+0000 INFO  name: system
2025-07-11 09:41:27.259+0000 INFO  creationDate: 2025-07-11T07:45:41.522Z
2025-07-11 09:41:27.259+0000 INFO  Started.
2025-07-11 09:47:46.487+0000 INFO  Neo4j Server shutdown initiated by request
2025-07-11 09:47:46.487+0000 INFO  Stopping...
2025-07-11 09:48:56.672+0000 INFO  Logging config in use: Embedded default config 'default-user-logs.xml'
2025-07-11 09:48:56.676+0000 INFO  Starting...
2025-07-11 09:48:57.254+0000 INFO  This instance is ServerId{df11084b} (df11084b-6727-4e95-8f8a-56fe3ca814c4)
2025-07-11 09:48:58.054+0000 INFO  ======== Neo4j 5.26.8 ========
2025-07-11 09:48:59.857+0000 INFO  Anonymous Usage Data is being sent to Neo4j, see https://neo4j.com/docs/usage-data/
2025-07-11 09:48:59.895+0000 INFO  Bolt enabled on 0.0.0.0:7687.
2025-07-11 09:49:00.482+0000 INFO  HTTP enabled on 0.0.0.0:7474.
2025-07-11 09:49:00.483+0000 INFO  Remote interface available at http://localhost:7474/
2025-07-11 09:49:00.485+0000 INFO  id: EFFE76F28E2B1F8096C24FBA8B7D904A65510C7DE24E793599CA8746BD0D22AB
2025-07-11 09:49:00.485+0000 INFO  name: system
2025-07-11 09:49:00.486+0000 INFO  creationDate: 2025-07-11T07:45:41.522Z
2025-07-11 09:49:00.486+0000 INFO  Started.
2025-07-11 09:55:08.102+0000 INFO  Neo4j Server shutdown initiated by request
2025-07-11 09:55:08.103+0000 INFO  Stopping...
2025-07-11 09:55:36.659+0000 INFO  Logging config in use: Embedded default config 'default-user-logs.xml'
2025-07-11 09:55:36.664+0000 INFO  Starting...
2025-07-11 09:55:37.238+0000 INFO  This instance is ServerId{df11084b} (df11084b-6727-4e95-8f8a-56fe3ca814c4)
2025-07-11 09:55:38.051+0000 INFO  ======== Neo4j 5.26.8 ========
2025-07-11 09:55:39.985+0000 INFO  Anonymous Usage Data is being sent to Neo4j, see https://neo4j.com/docs/usage-data/
2025-07-11 09:55:40.021+0000 INFO  Bolt enabled on 0.0.0.0:7687.
2025-07-11 09:55:40.639+0000 INFO  HTTP enabled on 0.0.0.0:7474.
2025-07-11 09:55:40.640+0000 INFO  Remote interface available at http://localhost:7474/
2025-07-11 09:55:40.642+0000 INFO  id: EFFE76F28E2B1F8096C24FBA8B7D904A65510C7DE24E793599CA8746BD0D22AB
2025-07-11 09:55:40.642+0000 INFO  name: system
2025-07-11 09:55:40.643+0000 INFO  creationDate: 2025-07-11T07:45:41.522Z
2025-07-11 09:55:40.643+0000 INFO  Started.
